[0.449s] Invoking command in '/home/m/ws_mobile/src/mobile_robot': DEBUGINFOD_URLS=https://debuginfod.ubuntu.com PYTHONPATH=/home/m/ws_mobile/build/mobile_robot/prefix_override:/usr/lib/python3/dist-packages/colcon_core/task/python/colcon_distutils_commands:/home/m/ws_mobile/install/mobile_robot/lib/python3.12/site-packages:${PYTHONPATH} /usr/bin/python3 -W ignore:setup.py install is deprecated -W ignore:easy_install command is deprecated setup.py egg_info --egg-base ../../build/mobile_robot build --build-base /home/m/ws_mobile/build/mobile_robot/build install --record /home/m/ws_mobile/build/mobile_robot/install.log --single-version-externally-managed install_data
[0.568s] running egg_info
[0.574s] writing ../../build/mobile_robot/mobile_robot.egg-info/PKG-INFO
[0.574s] writing dependency_links to ../../build/mobile_robot/mobile_robot.egg-info/dependency_links.txt
[0.574s] writing requirements to ../../build/mobile_robot/mobile_robot.egg-info/requires.txt
[0.574s] writing top-level names to ../../build/mobile_robot/mobile_robot.egg-info/top_level.txt
[0.588s] reading manifest file '../../build/mobile_robot/mobile_robot.egg-info/SOURCES.txt'
[0.589s] writing manifest file '../../build/mobile_robot/mobile_robot.egg-info/SOURCES.txt'
[0.589s] running build
[0.589s] running build_py
[0.589s] running install
[0.591s] running install_lib
[0.598s] running install_data
[0.598s] copying model/robot.xacro -> /home/m/ws_mobile/install/mobile_robot/share/mobile_robot/model
[0.598s] running install_egg_info
[0.606s] removing '/home/m/ws_mobile/install/mobile_robot/lib/python3.12/site-packages/mobile_robot-0.0.0-py3.12.egg-info' (and everything under it)
[0.606s] Copying ../../build/mobile_robot/mobile_robot.egg-info to /home/m/ws_mobile/install/mobile_robot/lib/python3.12/site-packages/mobile_robot-0.0.0-py3.12.egg-info
[0.609s] running install_scripts
[0.740s] writing list of installed files to '/home/m/ws_mobile/build/mobile_robot/install.log'
[0.752s] Invoked command in '/home/m/ws_mobile/src/mobile_robot' returned '0': DEBUGINFOD_URLS=https://debuginfod.ubuntu.com PYTHONPATH=/home/m/ws_mobile/build/mobile_robot/prefix_override:/usr/lib/python3/dist-packages/colcon_core/task/python/colcon_distutils_commands:/home/m/ws_mobile/install/mobile_robot/lib/python3.12/site-packages:${PYTHONPATH} /usr/bin/python3 -W ignore:setup.py install is deprecated -W ignore:easy_install command is deprecated setup.py egg_info --egg-base ../../build/mobile_robot build --build-base /home/m/ws_mobile/build/mobile_robot/build install --record /home/m/ws_mobile/build/mobile_robot/install.log --single-version-externally-managed install_data
