[0.546s] Invoking command in '/home/m/ws_mobile/src/mobile_robot': DEBUGINFOD_URLS=https://debuginfod.ubuntu.com PYTHONPATH=/home/m/ws_mobile/build/mobile_robot/prefix_override:/usr/lib/python3/dist-packages/colcon_core/task/python/colcon_distutils_commands:/home/m/ws_mobile/install/mobile_robot/lib/python3.12/site-packages:${PYTHONPATH} /usr/bin/python3 -W ignore:setup.py install is deprecated -W ignore:easy_install command is deprecated setup.py egg_info --egg-base ../../build/mobile_robot build --build-base /home/m/ws_mobile/build/mobile_robot/build install --record /home/m/ws_mobile/build/mobile_robot/install.log --single-version-externally-managed install_data
[0.653s] running egg_info
[0.659s] writing ../../build/mobile_robot/mobile_robot.egg-info/PKG-INFO
[0.660s] writing dependency_links to ../../build/mobile_robot/mobile_robot.egg-info/dependency_links.txt
[0.660s] writing entry points to ../../build/mobile_robot/mobile_robot.egg-info/entry_points.txt
[0.661s] writing requirements to ../../build/mobile_robot/mobile_robot.egg-info/requires.txt
[0.661s] writing top-level names to ../../build/mobile_robot/mobile_robot.egg-info/top_level.txt
[0.675s] reading manifest file '../../build/mobile_robot/mobile_robot.egg-info/SOURCES.txt'
[0.676s] writing manifest file '../../build/mobile_robot/mobile_robot.egg-info/SOURCES.txt'
[0.676s] running build
[0.676s] running build_py
[0.677s] running install
[0.679s] running install_lib
[0.687s] running install_data
[0.687s] copying launch/gazebo_model.launch.py -> /home/m/ws_mobile/install/mobile_robot/share/mobile_robot/launch
[0.688s] running install_egg_info
[0.695s] removing '/home/m/ws_mobile/install/mobile_robot/lib/python3.12/site-packages/mobile_robot-0.0.0-py3.12.egg-info' (and everything under it)
[0.695s] Copying ../../build/mobile_robot/mobile_robot.egg-info to /home/m/ws_mobile/install/mobile_robot/lib/python3.12/site-packages/mobile_robot-0.0.0-py3.12.egg-info
[0.696s] running install_scripts
[0.756s] Installing robot_controller script to /home/m/ws_mobile/install/mobile_robot/lib/mobile_robot
[0.757s] writing list of installed files to '/home/m/ws_mobile/build/mobile_robot/install.log'
[0.769s] Invoked command in '/home/m/ws_mobile/src/mobile_robot' returned '0': DEBUGINFOD_URLS=https://debuginfod.ubuntu.com PYTHONPATH=/home/m/ws_mobile/build/mobile_robot/prefix_override:/usr/lib/python3/dist-packages/colcon_core/task/python/colcon_distutils_commands:/home/m/ws_mobile/install/mobile_robot/lib/python3.12/site-packages:${PYTHONPATH} /usr/bin/python3 -W ignore:setup.py install is deprecated -W ignore:easy_install command is deprecated setup.py egg_info --egg-base ../../build/mobile_robot build --build-base /home/m/ws_mobile/build/mobile_robot/build install --record /home/m/ws_mobile/build/mobile_robot/install.log --single-version-externally-managed install_data
