[0.372s] Invoking command in '/home/m/ws_mobile/src/mobile_robot': DEBUGINFOD_URLS=https://debuginfod.ubuntu.com PYTHONPATH=/home/m/ws_mobile/build/mobile_robot/prefix_override:/usr/lib/python3/dist-packages/colcon_core/task/python/colcon_distutils_commands:/home/m/ws_mobile/install/mobile_robot/lib/python3.12/site-packages:${PYTHONPATH} /usr/bin/python3 -W ignore:setup.py install is deprecated -W ignore:easy_install command is deprecated setup.py egg_info --egg-base ../../build/mobile_robot build --build-base /home/m/ws_mobile/build/mobile_robot/build install --record /home/m/ws_mobile/build/mobile_robot/install.log --single-version-externally-managed install_data
[0.491s] running egg_info
[0.498s] writing ../../build/mobile_robot/mobile_robot.egg-info/PKG-INFO
[0.498s] writing dependency_links to ../../build/mobile_robot/mobile_robot.egg-info/dependency_links.txt
[0.498s] writing entry points to ../../build/mobile_robot/mobile_robot.egg-info/entry_points.txt
[0.498s] writing requirements to ../../build/mobile_robot/mobile_robot.egg-info/requires.txt
[0.498s] writing top-level names to ../../build/mobile_robot/mobile_robot.egg-info/top_level.txt
[0.513s] reading manifest file '../../build/mobile_robot/mobile_robot.egg-info/SOURCES.txt'
[0.514s] writing manifest file '../../build/mobile_robot/mobile_robot.egg-info/SOURCES.txt'
[0.514s] running build
[0.514s] running build_py
[0.514s] running install
[0.517s] running install_lib
[0.524s] running install_data
[0.524s] copying launch/gazebo_model.launch.py -> /home/m/ws_mobile/install/mobile_robot/share/mobile_robot/launch
[0.525s] running install_egg_info
[0.532s] removing '/home/m/ws_mobile/install/mobile_robot/lib/python3.12/site-packages/mobile_robot-0.0.0-py3.12.egg-info' (and everything under it)
[0.532s] Copying ../../build/mobile_robot/mobile_robot.egg-info to /home/m/ws_mobile/install/mobile_robot/lib/python3.12/site-packages/mobile_robot-0.0.0-py3.12.egg-info
[0.533s] running install_scripts
[0.589s] Installing robot_controller script to /home/m/ws_mobile/install/mobile_robot/lib/mobile_robot
[0.589s] writing list of installed files to '/home/m/ws_mobile/build/mobile_robot/install.log'
[0.601s] Invoked command in '/home/m/ws_mobile/src/mobile_robot' returned '0': DEBUGINFOD_URLS=https://debuginfod.ubuntu.com PYTHONPATH=/home/m/ws_mobile/build/mobile_robot/prefix_override:/usr/lib/python3/dist-packages/colcon_core/task/python/colcon_distutils_commands:/home/m/ws_mobile/install/mobile_robot/lib/python3.12/site-packages:${PYTHONPATH} /usr/bin/python3 -W ignore:setup.py install is deprecated -W ignore:easy_install command is deprecated setup.py egg_info --egg-base ../../build/mobile_robot build --build-base /home/m/ws_mobile/build/mobile_robot/build install --record /home/m/ws_mobile/build/mobile_robot/install.log --single-version-externally-managed install_data
