[0.398s] Invoking command in '/home/m/ws_mobile/src/mobile_robot': DEBUGINFOD_URLS=https://debuginfod.ubuntu.com PYTHONPATH=/home/m/ws_mobile/build/mobile_robot/prefix_override:/usr/lib/python3/dist-packages/colcon_core/task/python/colcon_distutils_commands:/home/m/ws_mobile/install/mobile_robot/lib/python3.12/site-packages:${PYTHONPATH} /usr/bin/python3 -W ignore:setup.py install is deprecated -W ignore:easy_install command is deprecated setup.py egg_info --egg-base ../../build/mobile_robot build --build-base /home/m/ws_mobile/build/mobile_robot/build install --record /home/m/ws_mobile/build/mobile_robot/install.log --single-version-externally-managed install_data
[0.507s] running egg_info
[0.507s] creating ../../build/mobile_robot/mobile_robot.egg-info
[0.514s] writing ../../build/mobile_robot/mobile_robot.egg-info/PKG-INFO
[0.514s] writing dependency_links to ../../build/mobile_robot/mobile_robot.egg-info/dependency_links.txt
[0.514s] writing requirements to ../../build/mobile_robot/mobile_robot.egg-info/requires.txt
[0.514s] writing top-level names to ../../build/mobile_robot/mobile_robot.egg-info/top_level.txt
[0.514s] writing manifest file '../../build/mobile_robot/mobile_robot.egg-info/SOURCES.txt'
[0.528s] reading manifest file '../../build/mobile_robot/mobile_robot.egg-info/SOURCES.txt'
[0.528s] writing manifest file '../../build/mobile_robot/mobile_robot.egg-info/SOURCES.txt'
[0.528s] running build
[0.528s] running build_py
[0.528s] creating /home/m/ws_mobile/build/mobile_robot/build
[0.529s] creating /home/m/ws_mobile/build/mobile_robot/build/lib
[0.529s] creating /home/m/ws_mobile/build/mobile_robot/build/lib/mobile_robot
[0.529s] copying mobile_robot/__init__.py -> /home/m/ws_mobile/build/mobile_robot/build/lib/mobile_robot
[0.529s] running install
[0.531s] running install_lib
[0.538s] creating /home/m/ws_mobile/install/mobile_robot/lib/python3.12/site-packages/mobile_robot
[0.538s] copying /home/m/ws_mobile/build/mobile_robot/build/lib/mobile_robot/__init__.py -> /home/m/ws_mobile/install/mobile_robot/lib/python3.12/site-packages/mobile_robot
[0.538s] byte-compiling /home/m/ws_mobile/install/mobile_robot/lib/python3.12/site-packages/mobile_robot/__init__.py to __init__.cpython-312.pyc
[0.538s] running install_data
[0.538s] creating /home/m/ws_mobile/install/mobile_robot/share/ament_index
[0.538s] creating /home/m/ws_mobile/install/mobile_robot/share/ament_index/resource_index
[0.538s] creating /home/m/ws_mobile/install/mobile_robot/share/ament_index/resource_index/packages
[0.538s] copying resource/mobile_robot -> /home/m/ws_mobile/install/mobile_robot/share/ament_index/resource_index/packages
[0.538s] copying package.xml -> /home/m/ws_mobile/install/mobile_robot/share/mobile_robot
[0.538s] creating /home/m/ws_mobile/install/mobile_robot/share/mobile_robot/launch
[0.538s] copying launch/gazebo_model.launch.py -> /home/m/ws_mobile/install/mobile_robot/share/mobile_robot/launch
[0.539s] creating /home/m/ws_mobile/install/mobile_robot/share/mobile_robot/model
[0.539s] copying model/robot.xacro -> /home/m/ws_mobile/install/mobile_robot/share/mobile_robot/model
[0.540s] copying model/robot.gazebo -> /home/m/ws_mobile/install/mobile_robot/share/mobile_robot/model
[0.540s] creating /home/m/ws_mobile/install/mobile_robot/share/mobile_robot/parameters
[0.540s] copying parameters/bridge_parameters.yaml -> /home/m/ws_mobile/install/mobile_robot/share/mobile_robot/parameters
[0.540s] running install_egg_info
[0.547s] Copying ../../build/mobile_robot/mobile_robot.egg-info to /home/m/ws_mobile/install/mobile_robot/lib/python3.12/site-packages/mobile_robot-0.0.0-py3.12.egg-info
[0.547s] running install_scripts
[0.602s] writing list of installed files to '/home/m/ws_mobile/build/mobile_robot/install.log'
[0.618s] Invoked command in '/home/m/ws_mobile/src/mobile_robot' returned '0': DEBUGINFOD_URLS=https://debuginfod.ubuntu.com PYTHONPATH=/home/m/ws_mobile/build/mobile_robot/prefix_override:/usr/lib/python3/dist-packages/colcon_core/task/python/colcon_distutils_commands:/home/m/ws_mobile/install/mobile_robot/lib/python3.12/site-packages:${PYTHONPATH} /usr/bin/python3 -W ignore:setup.py install is deprecated -W ignore:easy_install command is deprecated setup.py egg_info --egg-base ../../build/mobile_robot build --build-base /home/m/ws_mobile/build/mobile_robot/build install --record /home/m/ws_mobile/build/mobile_robot/install.log --single-version-externally-managed install_data
