[0.348s] Invoking command in '/home/m/ws_mobile/src/mobile_robot': DEBUGINFOD_URLS=https://debuginfod.ubuntu.com PYTHONPATH=/home/m/ws_mobile/build/mobile_robot/prefix_override:/usr/lib/python3/dist-packages/colcon_core/task/python/colcon_distutils_commands:/home/m/ws_mobile/install/mobile_robot/lib/python3.12/site-packages:${PYTHONPATH} /usr/bin/python3 -W ignore:setup.py install is deprecated -W ignore:easy_install command is deprecated setup.py egg_info --egg-base ../../build/mobile_robot build --build-base /home/m/ws_mobile/build/mobile_robot/build install --record /home/m/ws_mobile/build/mobile_robot/install.log --single-version-externally-managed install_data
[0.449s] running egg_info
[0.455s] writing ../../build/mobile_robot/mobile_robot.egg-info/PKG-INFO
[0.455s] writing dependency_links to ../../build/mobile_robot/mobile_robot.egg-info/dependency_links.txt
[0.455s] writing entry points to ../../build/mobile_robot/mobile_robot.egg-info/entry_points.txt
[0.456s] writing requirements to ../../build/mobile_robot/mobile_robot.egg-info/requires.txt
[0.456s] writing top-level names to ../../build/mobile_robot/mobile_robot.egg-info/top_level.txt
[0.469s] reading manifest file '../../build/mobile_robot/mobile_robot.egg-info/SOURCES.txt'
[0.470s] writing manifest file '../../build/mobile_robot/mobile_robot.egg-info/SOURCES.txt'
[0.470s] running build
[0.470s] running build_py
[0.470s] copying mobile_robot/robot_controller.py -> /home/m/ws_mobile/build/mobile_robot/build/lib/mobile_robot
[0.470s] running install
[0.472s] running install_lib
[0.479s] copying /home/m/ws_mobile/build/mobile_robot/build/lib/mobile_robot/robot_controller.py -> /home/m/ws_mobile/install/mobile_robot/lib/python3.12/site-packages/mobile_robot
[0.479s] byte-compiling /home/m/ws_mobile/install/mobile_robot/lib/python3.12/site-packages/mobile_robot/robot_controller.py to robot_controller.cpython-312.pyc
[0.479s] running install_data
[0.480s] running install_egg_info
[0.487s] removing '/home/m/ws_mobile/install/mobile_robot/lib/python3.12/site-packages/mobile_robot-0.0.0-py3.12.egg-info' (and everything under it)
[0.487s] Copying ../../build/mobile_robot/mobile_robot.egg-info to /home/m/ws_mobile/install/mobile_robot/lib/python3.12/site-packages/mobile_robot-0.0.0-py3.12.egg-info
[0.487s] running install_scripts
[0.548s] Installing robot_controller script to /home/m/ws_mobile/install/mobile_robot/lib/mobile_robot
[0.548s] writing list of installed files to '/home/m/ws_mobile/build/mobile_robot/install.log'
[0.560s] Invoked command in '/home/m/ws_mobile/src/mobile_robot' returned '0': DEBUGINFOD_URLS=https://debuginfod.ubuntu.com PYTHONPATH=/home/m/ws_mobile/build/mobile_robot/prefix_override:/usr/lib/python3/dist-packages/colcon_core/task/python/colcon_distutils_commands:/home/m/ws_mobile/install/mobile_robot/lib/python3.12/site-packages:${PYTHONPATH} /usr/bin/python3 -W ignore:setup.py install is deprecated -W ignore:easy_install command is deprecated setup.py egg_info --egg-base ../../build/mobile_robot build --build-base /home/m/ws_mobile/build/mobile_robot/build install --record /home/m/ws_mobile/build/mobile_robot/install.log --single-version-externally-managed install_data
